The system is: Darwin - 22.1.0 - arm64
Compiling the C compiler identification source file "CMakeCCompilerId.c" succeeded.
Compiler: /Applications/Xcode.app/Contents/Developer/Toolchains/XcodeDefault.xctoolchain/usr/bin/cc 
Build flags: 
Id flags: -c 

The output was:
0


Compilation of the C compiler identification source "CMakeCCompilerId.c" produced "CMakeCCompilerId.o"

The C compiler identification is AppleClang, found in "/Users/lusterclaws/Desktop/mdig-agh-lang_c__exercises-8b07bfe7cc20/projekty/untitled/cmake-build-debug/CMakeFiles/3.24.2/CompilerIdC/CMakeCCompilerId.o"

Compiling the CXX compiler identification source file "CMakeCXXCompilerId.cpp" succeeded.
Compiler: /Applications/Xcode.app/Contents/Developer/Toolchains/XcodeDefault.xctoolchain/usr/bin/c++ 
Build flags: 
Id flags: -c 

The output was:
0


Compilation of the CXX compiler identification source "CMakeCXXCompilerId.cpp" produced "CMakeCXXCompilerId.o"

The CXX compiler identification is AppleClang, found in "/Users/lusterclaws/Desktop/mdig-agh-lang_c__exercises-8b07bfe7cc20/projekty/untitled/cmake-build-debug/CMakeFiles/3.24.2/CompilerIdCXX/CMakeCXXCompilerId.o"

Detecting C compiler ABI info compiled with the following output:
Change Dir: /Users/lusterclaws/Desktop/mdig-agh-lang_c__exercises-8b07bfe7cc20/projekty/untitled/cmake-build-debug/CMakeFiles/CMakeTmp

Run Build Command(s):/Applications/CLion.app/Contents/bin/ninja/mac/ninja cmTC_7610d && [1/2] Building C object CMakeFiles/cmTC_7610d.dir/CMakeCCompilerABI.c.o
Apple clang version 14.0.0 (clang-1400.0.29.202)
Target: arm64-apple-darwin22.1.0
Thread model: posix
InstalledDir: /Applications/Xcode.app/Contents/Developer/Toolchains/XcodeDefault.xctoolchain/usr/bin
clang: warning: -Wl,-v: 'linker' input unused [-Wunused-command-line-argument]
 "/Applications/Xcode.app/Contents/Developer/Toolchains/XcodeDefault.xctoolchain/usr/bin/clang" -cc1 -triple arm64-apple-macosx13.0.0 -Wundef-prefix=TARGET_OS_ -Wdeprecated-objc-isa-usage -Werror=deprecated-objc-isa-usage -Werror=implicit-function-declaration -emit-obj -mrelax-all --mrelax-relocations -disable-free -clear-ast-before-backend -disable-llvm-verifier -discard-value-names -main-file-name CMakeCCompilerABI.c -mrelocation-model pic -pic-level 2 -mframe-pointer=non-leaf -fno-strict-return -fno-rounding-math -funwind-tables=2 -fobjc-msgsend-selector-stubs -target-sdk-version=13.0 -fvisibility-inlines-hidden-static-local-var -target-cpu apple-m1 -target-feature +v8.5a -target-feature +fp-armv8 -target-feature +neon -target-feature +crc -target-feature +crypto -target-feature +dotprod -target-feature +fp16fml -target-feature +ras -target-feature +lse -target-feature +rdm -target-feature +rcpc -target-feature +zcm -target-feature +zcz -target-feature +fullfp16 -target-feature +sm4 -target-feature +sha3 -target-feature +sha2 -target-feature +aes -target-abi darwinpcs -fallow-half-arguments-and-returns -debugger-tuning=lldb -target-linker-version 820.1 -v -resource-dir /Applications/Xcode.app/Contents/Developer/Toolchains/XcodeDefault.xctoolchain/usr/lib/clang/14.0.0 -dependency-file CMakeFiles/cmTC_7610d.dir/CMakeCCompilerABI.c.o.d -skip-unused-modulemap-deps -MT CMakeFiles/cmTC_7610d.dir/CMakeCCompilerABI.c.o -sys-header-deps -isysroot /Applications/Xcode.app/Contents/Developer/Platforms/MacOSX.platform/Developer/SDKs/MacOSX13.0.sdk -internal-isystem /Applications/Xcode.app/Contents/Developer/Platforms/MacOSX.platform/Developer/SDKs/MacOSX13.0.sdk/usr/local/include -internal-isystem /Applications/Xcode.app/Contents/Developer/Toolchains/XcodeDefault.xctoolchain/usr/lib/clang/14.0.0/include -internal-externc-isystem /Applications/Xcode.app/Contents/Developer/Platforms/MacOSX.platform/Developer/SDKs/MacOSX13.0.sdk/usr/include -internal-externc-isystem /Applications/Xcode.app/Contents/Developer/Toolchains/XcodeDefault.xctoolchain/usr/include -Wno-reorder-init-list -Wno-implicit-int-float-conversion -Wno-c99-designator -Wno-final-dtor-non-final-class -Wno-extra-semi-stmt -Wno-misleading-indentation -Wno-quoted-include-in-framework-header -Wno-implicit-fallthrough -Wno-enum-enum-conversion -Wno-enum-float-conversion -Wno-elaborated-enum-base -Wno-reserved-identifier -Wno-gnu-folding-constant -Wno-cast-function-type -Wno-bitwise-instead-of-logical -fdebug-compilation-dir=/Users/lusterclaws/Desktop/mdig-agh-lang_c__exercises-8b07bfe7cc20/projekty/untitled/cmake-build-debug/CMakeFiles/CMakeTmp -ferror-limit 19 -stack-protector 1 -fstack-check -mdarwin-stkchk-strong-link -fblocks -fencode-extended-block-signature -fregister-global-dtors-with-atexit -fgnuc-version=4.2.1 -fmax-type-align=16 -fcommon -fcolor-diagnostics -clang-vendor-feature=+messageToSelfInClassMethodIdReturnType -clang-vendor-feature=+disableInferNewAvailabilityFromInit -clang-vendor-feature=+disableNonDependentMemberExprInCurrentInstantiation -fno-odr-hash-protocols -clang-vendor-feature=+enableAggressiveVLAFolding -clang-vendor-feature=+revert09abecef7bbf -clang-vendor-feature=+thisNoAlignAttr -clang-vendor-feature=+thisNoNullAttr -mllvm -disable-aligned-alloc-awareness=1 -D__GCC_HAVE_DWARF2_CFI_ASM=1 -o CMakeFiles/cmTC_7610d.dir/CMakeCCompilerABI.c.o -x c /Applications/CLion.app/Contents/bin/cmake/mac/share/cmake-3.24/Modules/CMakeCCompilerABI.c
clang -cc1 version 14.0.0 (clang-1400.0.29.202) default target arm64-apple-darwin22.1.0
ignoring nonexistent directory "/Applications/Xcode.app/Contents/Developer/Platforms/MacOSX.platform/Developer/SDKs/MacOSX13.0.sdk/usr/local/include"
ignoring nonexistent directory "/Applications/Xcode.app/Contents/Developer/Platforms/MacOSX.platform/Developer/SDKs/MacOSX13.0.sdk/Library/Frameworks"
#include "..." search starts here:
#include <...> search starts here:
 /Applications/Xcode.app/Contents/Developer/Toolchains/XcodeDefault.xctoolchain/usr/lib/clang/14.0.0/include
 /Applications/Xcode.app/Contents/Developer/Platforms/MacOSX.platform/Developer/SDKs/MacOSX13.0.sdk/usr/include
 /Applications/Xcode.app/Contents/Developer/Toolchains/XcodeDefault.xctoolchain/usr/include
 /Applications/Xcode.app/Contents/Developer/Platforms/MacOSX.platform/Developer/SDKs/MacOSX13.0.sdk/System/Library/Frameworks (framework directory)
End of search list.
[2/2] Linking C executable cmTC_7610d
Apple clang version 14.0.0 (clang-1400.0.29.202)
Target: arm64-apple-darwin22.1.0
Thread model: posix
InstalledDir: /Applications/Xcode.app/Contents/Developer/Toolchains/XcodeDefault.xctoolchain/usr/bin
 "/Applications/Xcode.app/Contents/Developer/Toolchains/XcodeDefault.xctoolchain/usr/bin/ld" -demangle -lto_library /Applications/Xcode.app/Contents/Developer/Toolchains/XcodeDefault.xctoolchain/usr/lib/libLTO.dylib -dynamic -arch arm64 -platform_version macos 13.0.0 13.0 -syslibroot /Applications/Xcode.app/Contents/Developer/Platforms/MacOSX.platform/Developer/SDKs/MacOSX13.0.sdk -o cmTC_7610d -search_paths_first -headerpad_max_install_names -v CMakeFiles/cmTC_7610d.dir/CMakeCCompilerABI.c.o -lSystem /Applications/Xcode.app/Contents/Developer/Toolchains/XcodeDefault.xctoolchain/usr/lib/clang/14.0.0/lib/darwin/libclang_rt.osx.a
@(#)PROGRAM:ld  PROJECT:ld64-820.1
BUILD 18:42:42 Sep 11 2022
configured to support archs: armv6 armv7 armv7s arm64 arm64e arm64_32 i386 x86_64 x86_64h armv6m armv7k armv7m armv7em
Library search paths:
	/Applications/Xcode.app/Contents/Developer/Platforms/MacOSX.platform/Developer/SDKs/MacOSX13.0.sdk/usr/lib
Framework search paths:
	/Applications/Xcode.app/Contents/Developer/Platforms/MacOSX.platform/Developer/SDKs/MacOSX13.0.sdk/System/Library/Frameworks/



Parsed C implicit include dir info from above output: rv=done
  found start of include info
  found start of implicit include info
    add: [/Applications/Xcode.app/Contents/Developer/Toolchains/XcodeDefault.xctoolchain/usr/lib/clang/14.0.0/include]
    add: [/Applications/Xcode.app/Contents/Developer/Platforms/MacOSX.platform/Developer/SDKs/MacOSX13.0.sdk/usr/include]
    add: [/Applications/Xcode.app/Contents/Developer/Toolchains/XcodeDefault.xctoolchain/usr/include]
  end of search list found
  collapse include dir [/Applications/Xcode.app/Contents/Developer/Toolchains/XcodeDefault.xctoolchain/usr/lib/clang/14.0.0/include] ==> [/Applications/Xcode.app/Contents/Developer/Toolchains/XcodeDefault.xctoolchain/usr/lib/clang/14.0.0/include]
  collapse include dir [/Applications/Xcode.app/Contents/Developer/Platforms/MacOSX.platform/Developer/SDKs/MacOSX13.0.sdk/usr/include] ==> [/Applications/Xcode.app/Contents/Developer/Platforms/MacOSX.platform/Developer/SDKs/MacOSX13.0.sdk/usr/include]
  collapse include dir [/Applications/Xcode.app/Contents/Developer/Toolchains/XcodeDefault.xctoolchain/usr/include] ==> [/Applications/Xcode.app/Contents/Developer/Toolchains/XcodeDefault.xctoolchain/usr/include]
  implicit include dirs: [/Applications/Xcode.app/Contents/Developer/Toolchains/XcodeDefault.xctoolchain/usr/lib/clang/14.0.0/include;/Applications/Xcode.app/Contents/Developer/Platforms/MacOSX.platform/Developer/SDKs/MacOSX13.0.sdk/usr/include;/Applications/Xcode.app/Contents/Developer/Toolchains/XcodeDefault.xctoolchain/usr/include]


Parsed C implicit link information from above output:
  link line regex: [^( *|.*[/\])(ld|CMAKE_LINK_STARTFILE-NOTFOUND|([^/\]+-)?ld|collect2)[^/\]*( |$)]
  ignore line: [Change Dir: /Users/lusterclaws/Desktop/mdig-agh-lang_c__exercises-8b07bfe7cc20/projekty/untitled/cmake-build-debug/CMakeFiles/CMakeTmp]
  ignore line: []
  ignore line: [Run Build Command(s):/Applications/CLion.app/Contents/bin/ninja/mac/ninja cmTC_7610d && [1/2] Building C object CMakeFiles/cmTC_7610d.dir/CMakeCCompilerABI.c.o]
  ignore line: [Apple clang version 14.0.0 (clang-1400.0.29.202)]
  ignore line: [Target: arm64-apple-darwin22.1.0]
  ignore line: [Thread model: posix]
  ignore line: [InstalledDir: /Applications/Xcode.app/Contents/Developer/Toolchains/XcodeDefault.xctoolchain/usr/bin]
  ignore line: [clang: warning: -Wl -v: 'linker' input unused [-Wunused-command-line-argument]]
  ignore line: [ "/Applications/Xcode.app/Contents/Developer/Toolchains/XcodeDefault.xctoolchain/usr/bin/clang" -cc1 -triple arm64-apple-macosx13.0.0 -Wundef-prefix=TARGET_OS_ -Wdeprecated-objc-isa-usage -Werror=deprecated-objc-isa-usage -Werror=implicit-function-declaration -emit-obj -mrelax-all --mrelax-relocations -disable-free -clear-ast-before-backend -disable-llvm-verifier -discard-value-names -main-file-name CMakeCCompilerABI.c -mrelocation-model pic -pic-level 2 -mframe-pointer=non-leaf -fno-strict-return -fno-rounding-math -funwind-tables=2 -fobjc-msgsend-selector-stubs -target-sdk-version=13.0 -fvisibility-inlines-hidden-static-local-var -target-cpu apple-m1 -target-feature +v8.5a -target-feature +fp-armv8 -target-feature +neon -target-feature +crc -target-feature +crypto -target-feature +dotprod -target-feature +fp16fml -target-feature +ras -target-feature +lse -target-feature +rdm -target-feature +rcpc -target-feature +zcm -target-feature +zcz -target-feature +fullfp16 -target-feature +sm4 -target-feature +sha3 -target-feature +sha2 -target-feature +aes -target-abi darwinpcs -fallow-half-arguments-and-returns -debugger-tuning=lldb -target-linker-version 820.1 -v -resource-dir /Applications/Xcode.app/Contents/Developer/Toolchains/XcodeDefault.xctoolchain/usr/lib/clang/14.0.0 -dependency-file CMakeFiles/cmTC_7610d.dir/CMakeCCompilerABI.c.o.d -skip-unused-modulemap-deps -MT CMakeFiles/cmTC_7610d.dir/CMakeCCompilerABI.c.o -sys-header-deps -isysroot /Applications/Xcode.app/Contents/Developer/Platforms/MacOSX.platform/Developer/SDKs/MacOSX13.0.sdk -internal-isystem /Applications/Xcode.app/Contents/Developer/Platforms/MacOSX.platform/Developer/SDKs/MacOSX13.0.sdk/usr/local/include -internal-isystem /Applications/Xcode.app/Contents/Developer/Toolchains/XcodeDefault.xctoolchain/usr/lib/clang/14.0.0/include -internal-externc-isystem /Applications/Xcode.app/Contents/Developer/Platforms/MacOSX.platform/Developer/SDKs/MacOSX13.0.sdk/usr/include -internal-externc-isystem /Applications/Xcode.app/Contents/Developer/Toolchains/XcodeDefault.xctoolchain/usr/include -Wno-reorder-init-list -Wno-implicit-int-float-conversion -Wno-c99-designator -Wno-final-dtor-non-final-class -Wno-extra-semi-stmt -Wno-misleading-indentation -Wno-quoted-include-in-framework-header -Wno-implicit-fallthrough -Wno-enum-enum-conversion -Wno-enum-float-conversion -Wno-elaborated-enum-base -Wno-reserved-identifier -Wno-gnu-folding-constant -Wno-cast-function-type -Wno-bitwise-instead-of-logical -fdebug-compilation-dir=/Users/lusterclaws/Desktop/mdig-agh-lang_c__exercises-8b07bfe7cc20/projekty/untitled/cmake-build-debug/CMakeFiles/CMakeTmp -ferror-limit 19 -stack-protector 1 -fstack-check -mdarwin-stkchk-strong-link -fblocks -fencode-extended-block-signature -fregister-global-dtors-with-atexit -fgnuc-version=4.2.1 -fmax-type-align=16 -fcommon -fcolor-diagnostics -clang-vendor-feature=+messageToSelfInClassMethodIdReturnType -clang-vendor-feature=+disableInferNewAvailabilityFromInit -clang-vendor-feature=+disableNonDependentMemberExprInCurrentInstantiation -fno-odr-hash-protocols -clang-vendor-feature=+enableAggressiveVLAFolding -clang-vendor-feature=+revert09abecef7bbf -clang-vendor-feature=+thisNoAlignAttr -clang-vendor-feature=+thisNoNullAttr -mllvm -disable-aligned-alloc-awareness=1 -D__GCC_HAVE_DWARF2_CFI_ASM=1 -o CMakeFiles/cmTC_7610d.dir/CMakeCCompilerABI.c.o -x c /Applications/CLion.app/Contents/bin/cmake/mac/share/cmake-3.24/Modules/CMakeCCompilerABI.c]
  ignore line: [clang -cc1 version 14.0.0 (clang-1400.0.29.202) default target arm64-apple-darwin22.1.0]
  ignore line: [ignoring nonexistent directory "/Applications/Xcode.app/Contents/Developer/Platforms/MacOSX.platform/Developer/SDKs/MacOSX13.0.sdk/usr/local/include"]
  ignore line: [ignoring nonexistent directory "/Applications/Xcode.app/Contents/Developer/Platforms/MacOSX.platform/Developer/SDKs/MacOSX13.0.sdk/Library/Frameworks"]
  ignore line: [#include "..." search starts here:]
  ignore line: [#include <...> search starts here:]
  ignore line: [ /Applications/Xcode.app/Contents/Developer/Toolchains/XcodeDefault.xctoolchain/usr/lib/clang/14.0.0/include]
  ignore line: [ /Applications/Xcode.app/Contents/Developer/Platforms/MacOSX.platform/Developer/SDKs/MacOSX13.0.sdk/usr/include]
  ignore line: [ /Applications/Xcode.app/Contents/Developer/Toolchains/XcodeDefault.xctoolchain/usr/include]
  ignore line: [ /Applications/Xcode.app/Contents/Developer/Platforms/MacOSX.platform/Developer/SDKs/MacOSX13.0.sdk/System/Library/Frameworks (framework directory)]
  ignore line: [End of search list.]
  ignore line: [[2/2] Linking C executable cmTC_7610d]
  ignore line: [Apple clang version 14.0.0 (clang-1400.0.29.202)]
  ignore line: [Target: arm64-apple-darwin22.1.0]
  ignore line: [Thread model: posix]
  ignore line: [InstalledDir: /Applications/Xcode.app/Contents/Developer/Toolchains/XcodeDefault.xctoolchain/usr/bin]
  link line: [ "/Applications/Xcode.app/Contents/Developer/Toolchains/XcodeDefault.xctoolchain/usr/bin/ld" -demangle -lto_library /Applications/Xcode.app/Contents/Developer/Toolchains/XcodeDefault.xctoolchain/usr/lib/libLTO.dylib -dynamic -arch arm64 -platform_version macos 13.0.0 13.0 -syslibroot /Applications/Xcode.app/Contents/Developer/Platforms/MacOSX.platform/Developer/SDKs/MacOSX13.0.sdk -o cmTC_7610d -search_paths_first -headerpad_max_install_names -v CMakeFiles/cmTC_7610d.dir/CMakeCCompilerABI.c.o -lSystem /Applications/Xcode.app/Contents/Developer/Toolchains/XcodeDefault.xctoolchain/usr/lib/clang/14.0.0/lib/darwin/libclang_rt.osx.a]
    arg [/Applications/Xcode.app/Contents/Developer/Toolchains/XcodeDefault.xctoolchain/usr/bin/ld] ==> ignore
    arg [-demangle] ==> ignore
    arg [-lto_library] ==> ignore, skip following value
    arg [/Applications/Xcode.app/Contents/Developer/Toolchains/XcodeDefault.xctoolchain/usr/lib/libLTO.dylib] ==> skip value of -lto_library
    arg [-dynamic] ==> ignore
    arg [-arch] ==> ignore
    arg [arm64] ==> ignore
    arg [-platform_version] ==> ignore
    arg [macos] ==> ignore
    arg [13.0.0] ==> ignore
    arg [13.0] ==> ignore
    arg [-syslibroot] ==> ignore
    arg [/Applications/Xcode.app/Contents/Developer/Platforms/MacOSX.platform/Developer/SDKs/MacOSX13.0.sdk] ==> ignore
    arg [-o] ==> ignore
    arg [cmTC_7610d] ==> ignore
    arg [-search_paths_first] ==> ignore
    arg [-headerpad_max_install_names] ==> ignore
    arg [-v] ==> ignore
    arg [CMakeFiles/cmTC_7610d.dir/CMakeCCompilerABI.c.o] ==> ignore
    arg [-lSystem] ==> lib [System]
    arg [/Applications/Xcode.app/Contents/Developer/Toolchains/XcodeDefault.xctoolchain/usr/lib/clang/14.0.0/lib/darwin/libclang_rt.osx.a] ==> lib [/Applications/Xcode.app/Contents/Developer/Toolchains/XcodeDefault.xctoolchain/usr/lib/clang/14.0.0/lib/darwin/libclang_rt.osx.a]
  Library search paths: [;/Applications/Xcode.app/Contents/Developer/Platforms/MacOSX.platform/Developer/SDKs/MacOSX13.0.sdk/usr/lib]
  Framework search paths: [;/Applications/Xcode.app/Contents/Developer/Platforms/MacOSX.platform/Developer/SDKs/MacOSX13.0.sdk/System/Library/Frameworks/]
  remove lib [System]
  remove lib [/Applications/Xcode.app/Contents/Developer/Toolchains/XcodeDefault.xctoolchain/usr/lib/clang/14.0.0/lib/darwin/libclang_rt.osx.a]
  collapse library dir [/Applications/Xcode.app/Contents/Developer/Platforms/MacOSX.platform/Developer/SDKs/MacOSX13.0.sdk/usr/lib] ==> [/Applications/Xcode.app/Contents/Developer/Platforms/MacOSX.platform/Developer/SDKs/MacOSX13.0.sdk/usr/lib]
  collapse framework dir [/Applications/Xcode.app/Contents/Developer/Platforms/MacOSX.platform/Developer/SDKs/MacOSX13.0.sdk/System/Library/Frameworks/] ==> [/Applications/Xcode.app/Contents/Developer/Platforms/MacOSX.platform/Developer/SDKs/MacOSX13.0.sdk/System/Library/Frameworks]
  implicit libs: []
  implicit objs: []
  implicit dirs: [/Applications/Xcode.app/Contents/Developer/Platforms/MacOSX.platform/Developer/SDKs/MacOSX13.0.sdk/usr/lib]
  implicit fwks: [/Applications/Xcode.app/Contents/Developer/Platforms/MacOSX.platform/Developer/SDKs/MacOSX13.0.sdk/System/Library/Frameworks]


Detecting CXX compiler ABI info compiled with the following output:
Change Dir: /Users/lusterclaws/Desktop/mdig-agh-lang_c__exercises-8b07bfe7cc20/projekty/untitled/cmake-build-debug/CMakeFiles/CMakeTmp

Run Build Command(s):/Applications/CLion.app/Contents/bin/ninja/mac/ninja cmTC_768cd && [1/2] Building CXX object CMakeFiles/cmTC_768cd.dir/CMakeCXXCompilerABI.cpp.o
Apple clang version 14.0.0 (clang-1400.0.29.202)
Target: arm64-apple-darwin22.1.0
Thread model: posix
InstalledDir: /Applications/Xcode.app/Contents/Developer/Toolchains/XcodeDefault.xctoolchain/usr/bin
clang: warning: -Wl,-v: 'linker' input unused [-Wunused-command-line-argument]
 "/Applications/Xcode.app/Contents/Developer/Toolchains/XcodeDefault.xctoolchain/usr/bin/clang" -cc1 -triple arm64-apple-macosx13.0.0 -Wundef-prefix=TARGET_OS_ -Wdeprecated-objc-isa-usage -Werror=deprecated-objc-isa-usage -Werror=implicit-function-declaration -emit-obj -mrelax-all --mrelax-relocations -disable-free -clear-ast-before-backend -disable-llvm-verifier -discard-value-names -main-file-name CMakeCXXCompilerABI.cpp -mrelocation-model pic -pic-level 2 -mframe-pointer=non-leaf -fno-strict-return -fno-rounding-math -funwind-tables=2 -fobjc-msgsend-selector-stubs -target-sdk-version=13.0 -fvisibility-inlines-hidden-static-local-var -target-cpu apple-m1 -target-feature +v8.5a -target-feature +fp-armv8 -target-feature +neon -target-feature +crc -target-feature +crypto -target-feature +dotprod -target-feature +fp16fml -target-feature +ras -target-feature +lse -target-feature +rdm -target-feature +rcpc -target-feature +zcm -target-feature +zcz -target-feature +fullfp16 -target-feature +sm4 -target-feature +sha3 -target-feature +sha2 -target-feature +aes -target-abi darwinpcs -fallow-half-arguments-and-returns -debugger-tuning=lldb -target-linker-version 820.1 -v -resource-dir /Applications/Xcode.app/Contents/Developer/Toolchains/XcodeDefault.xctoolchain/usr/lib/clang/14.0.0 -dependency-file CMakeFiles/cmTC_768cd.dir/CMakeCXXCompilerABI.cpp.o.d -skip-unused-modulemap-deps -MT CMakeFiles/cmTC_768cd.dir/CMakeCXXCompilerABI.cpp.o -sys-header-deps -isysroot /Applications/Xcode.app/Contents/Developer/Platforms/MacOSX.platform/Developer/SDKs/MacOSX13.0.sdk -stdlib=libc++ -internal-isystem /Applications/Xcode.app/Contents/Developer/Platforms/MacOSX.platform/Developer/SDKs/MacOSX13.0.sdk/usr/include/c++/v1 -internal-isystem /Applications/Xcode.app/Contents/Developer/Platforms/MacOSX.platform/Developer/SDKs/MacOSX13.0.sdk/usr/local/include -internal-isystem /Applications/Xcode.app/Contents/Developer/Toolchains/XcodeDefault.xctoolchain/usr/lib/clang/14.0.0/include -internal-externc-isystem /Applications/Xcode.app/Contents/Developer/Platforms/MacOSX.platform/Developer/SDKs/MacOSX13.0.sdk/usr/include -internal-externc-isystem /Applications/Xcode.app/Contents/Developer/Toolchains/XcodeDefault.xctoolchain/usr/include -Wno-reorder-init-list -Wno-implicit-int-float-conversion -Wno-c99-designator -Wno-final-dtor-non-final-class -Wno-extra-semi-stmt -Wno-misleading-indentation -Wno-quoted-include-in-framework-header -Wno-implicit-fallthrough -Wno-enum-enum-conversion -Wno-enum-float-conversion -Wno-elaborated-enum-base -Wno-reserved-identifier -Wno-gnu-folding-constant -Wno-cast-function-type -Wno-bitwise-instead-of-logical -fdeprecated-macro -fdebug-compilation-dir=/Users/lusterclaws/Desktop/mdig-agh-lang_c__exercises-8b07bfe7cc20/projekty/untitled/cmake-build-debug/CMakeFiles/CMakeTmp -ferror-limit 19 -stack-protector 1 -fstack-check -mdarwin-stkchk-strong-link -fblocks -fencode-extended-block-signature -fregister-global-dtors-with-atexit -fgnuc-version=4.2.1 -fno-cxx-modules -fcxx-exceptions -fexceptions -fmax-type-align=16 -fcommon -fcolor-diagnostics -clang-vendor-feature=+messageToSelfInClassMethodIdReturnType -clang-vendor-feature=+disableInferNewAvailabilityFromInit -clang-vendor-feature=+disableNonDependentMemberExprInCurrentInstantiation -fno-odr-hash-protocols -clang-vendor-feature=+enableAggressiveVLAFolding -clang-vendor-feature=+revert09abecef7bbf -clang-vendor-feature=+thisNoAlignAttr -clang-vendor-feature=+thisNoNullAttr -mllvm -disable-aligned-alloc-awareness=1 -D__GCC_HAVE_DWARF2_CFI_ASM=1 -o CMakeFiles/cmTC_768cd.dir/CMakeCXXCompilerABI.cpp.o -x c++ /Applications/CLion.app/Contents/bin/cmake/mac/share/cmake-3.24/Modules/CMakeCXXCompilerABI.cpp
clang -cc1 version 14.0.0 (clang-1400.0.29.202) default target arm64-apple-darwin22.1.0
ignoring nonexistent directory "/Applications/Xcode.app/Contents/Developer/Platforms/MacOSX.platform/Developer/SDKs/MacOSX13.0.sdk/usr/local/include"
ignoring nonexistent directory "/Applications/Xcode.app/Contents/Developer/Platforms/MacOSX.platform/Developer/SDKs/MacOSX13.0.sdk/Library/Frameworks"
#include "..." search starts here:
#include <...> search starts here:
 /Applications/Xcode.app/Contents/Developer/Platforms/MacOSX.platform/Developer/SDKs/MacOSX13.0.sdk/usr/include/c++/v1
 /Applications/Xcode.app/Contents/Developer/Toolchains/XcodeDefault.xctoolchain/usr/lib/clang/14.0.0/include
 /Applications/Xcode.app/Contents/Developer/Platforms/MacOSX.platform/Developer/SDKs/MacOSX13.0.sdk/usr/include
 /Applications/Xcode.app/Contents/Developer/Toolchains/XcodeDefault.xctoolchain/usr/include
 /Applications/Xcode.app/Contents/Developer/Platforms/MacOSX.platform/Developer/SDKs/MacOSX13.0.sdk/System/Library/Frameworks (framework directory)
End of search list.
[2/2] Linking CXX executable cmTC_768cd
Apple clang version 14.0.0 (clang-1400.0.29.202)
Target: arm64-apple-darwin22.1.0
Thread model: posix
InstalledDir: /Applications/Xcode.app/Contents/Developer/Toolchains/XcodeDefault.xctoolchain/usr/bin
 "/Applications/Xcode.app/Contents/Developer/Toolchains/XcodeDefault.xctoolchain/usr/bin/ld" -demangle -lto_library /Applications/Xcode.app/Contents/Developer/Toolchains/XcodeDefault.xctoolchain/usr/lib/libLTO.dylib -dynamic -arch arm64 -platform_version macos 13.0.0 13.0 -syslibroot /Applications/Xcode.app/Contents/Developer/Platforms/MacOSX.platform/Developer/SDKs/MacOSX13.0.sdk -o cmTC_768cd -search_paths_first -headerpad_max_install_names -v CMakeFiles/cmTC_768cd.dir/CMakeCXXCompilerABI.cpp.o -lc++ -lSystem /Applications/Xcode.app/Contents/Developer/Toolchains/XcodeDefault.xctoolchain/usr/lib/clang/14.0.0/lib/darwin/libclang_rt.osx.a
@(#)PROGRAM:ld  PROJECT:ld64-820.1
BUILD 18:42:42 Sep 11 2022
configured to support archs: armv6 armv7 armv7s arm64 arm64e arm64_32 i386 x86_64 x86_64h armv6m armv7k armv7m armv7em
Library search paths:
	/Applications/Xcode.app/Contents/Developer/Platforms/MacOSX.platform/Developer/SDKs/MacOSX13.0.sdk/usr/lib
Framework search paths:
	/Applications/Xcode.app/Contents/Developer/Platforms/MacOSX.platform/Developer/SDKs/MacOSX13.0.sdk/System/Library/Frameworks/



Parsed CXX implicit include dir info from above output: rv=done
  found start of include info
  found start of implicit include info
    add: [/Applications/Xcode.app/Contents/Developer/Platforms/MacOSX.platform/Developer/SDKs/MacOSX13.0.sdk/usr/include/c++/v1]
    add: [/Applications/Xcode.app/Contents/Developer/Toolchains/XcodeDefault.xctoolchain/usr/lib/clang/14.0.0/include]
    add: [/Applications/Xcode.app/Contents/Developer/Platforms/MacOSX.platform/Developer/SDKs/MacOSX13.0.sdk/usr/include]
    add: [/Applications/Xcode.app/Contents/Developer/Toolchains/XcodeDefault.xctoolchain/usr/include]
  end of search list found
  collapse include dir [/Applications/Xcode.app/Contents/Developer/Platforms/MacOSX.platform/Developer/SDKs/MacOSX13.0.sdk/usr/include/c++/v1] ==> [/Applications/Xcode.app/Contents/Developer/Platforms/MacOSX.platform/Developer/SDKs/MacOSX13.0.sdk/usr/include/c++/v1]
  collapse include dir [/Applications/Xcode.app/Contents/Developer/Toolchains/XcodeDefault.xctoolchain/usr/lib/clang/14.0.0/include] ==> [/Applications/Xcode.app/Contents/Developer/Toolchains/XcodeDefault.xctoolchain/usr/lib/clang/14.0.0/include]
  collapse include dir [/Applications/Xcode.app/Contents/Developer/Platforms/MacOSX.platform/Developer/SDKs/MacOSX13.0.sdk/usr/include] ==> [/Applications/Xcode.app/Contents/Developer/Platforms/MacOSX.platform/Developer/SDKs/MacOSX13.0.sdk/usr/include]
  collapse include dir [/Applications/Xcode.app/Contents/Developer/Toolchains/XcodeDefault.xctoolchain/usr/include] ==> [/Applications/Xcode.app/Contents/Developer/Toolchains/XcodeDefault.xctoolchain/usr/include]
  implicit include dirs: [/Applications/Xcode.app/Contents/Developer/Platforms/MacOSX.platform/Developer/SDKs/MacOSX13.0.sdk/usr/include/c++/v1;/Applications/Xcode.app/Contents/Developer/Toolchains/XcodeDefault.xctoolchain/usr/lib/clang/14.0.0/include;/Applications/Xcode.app/Contents/Developer/Platforms/MacOSX.platform/Developer/SDKs/MacOSX13.0.sdk/usr/include;/Applications/Xcode.app/Contents/Developer/Toolchains/XcodeDefault.xctoolchain/usr/include]


Parsed CXX implicit link information from above output:
  link line regex: [^( *|.*[/\])(ld|CMAKE_LINK_STARTFILE-NOTFOUND|([^/\]+-)?ld|collect2)[^/\]*( |$)]
  ignore line: [Change Dir: /Users/lusterclaws/Desktop/mdig-agh-lang_c__exercises-8b07bfe7cc20/projekty/untitled/cmake-build-debug/CMakeFiles/CMakeTmp]
  ignore line: []
  ignore line: [Run Build Command(s):/Applications/CLion.app/Contents/bin/ninja/mac/ninja cmTC_768cd && [1/2] Building CXX object CMakeFiles/cmTC_768cd.dir/CMakeCXXCompilerABI.cpp.o]
  ignore line: [Apple clang version 14.0.0 (clang-1400.0.29.202)]
  ignore line: [Target: arm64-apple-darwin22.1.0]
  ignore line: [Thread model: posix]
  ignore line: [InstalledDir: /Applications/Xcode.app/Contents/Developer/Toolchains/XcodeDefault.xctoolchain/usr/bin]
  ignore line: [clang: warning: -Wl -v: 'linker' input unused [-Wunused-command-line-argument]]
  ignore line: [ "/Applications/Xcode.app/Contents/Developer/Toolchains/XcodeDefault.xctoolchain/usr/bin/clang" -cc1 -triple arm64-apple-macosx13.0.0 -Wundef-prefix=TARGET_OS_ -Wdeprecated-objc-isa-usage -Werror=deprecated-objc-isa-usage -Werror=implicit-function-declaration -emit-obj -mrelax-all --mrelax-relocations -disable-free -clear-ast-before-backend -disable-llvm-verifier -discard-value-names -main-file-name CMakeCXXCompilerABI.cpp -mrelocation-model pic -pic-level 2 -mframe-pointer=non-leaf -fno-strict-return -fno-rounding-math -funwind-tables=2 -fobjc-msgsend-selector-stubs -target-sdk-version=13.0 -fvisibility-inlines-hidden-static-local-var -target-cpu apple-m1 -target-feature +v8.5a -target-feature +fp-armv8 -target-feature +neon -target-feature +crc -target-feature +crypto -target-feature +dotprod -target-feature +fp16fml -target-feature +ras -target-feature +lse -target-feature +rdm -target-feature +rcpc -target-feature +zcm -target-feature +zcz -target-feature +fullfp16 -target-feature +sm4 -target-feature +sha3 -target-feature +sha2 -target-feature +aes -target-abi darwinpcs -fallow-half-arguments-and-returns -debugger-tuning=lldb -target-linker-version 820.1 -v -resource-dir /Applications/Xcode.app/Contents/Developer/Toolchains/XcodeDefault.xctoolchain/usr/lib/clang/14.0.0 -dependency-file CMakeFiles/cmTC_768cd.dir/CMakeCXXCompilerABI.cpp.o.d -skip-unused-modulemap-deps -MT CMakeFiles/cmTC_768cd.dir/CMakeCXXCompilerABI.cpp.o -sys-header-deps -isysroot /Applications/Xcode.app/Contents/Developer/Platforms/MacOSX.platform/Developer/SDKs/MacOSX13.0.sdk -stdlib=libc++ -internal-isystem /Applications/Xcode.app/Contents/Developer/Platforms/MacOSX.platform/Developer/SDKs/MacOSX13.0.sdk/usr/include/c++/v1 -internal-isystem /Applications/Xcode.app/Contents/Developer/Platforms/MacOSX.platform/Developer/SDKs/MacOSX13.0.sdk/usr/local/include -internal-isystem /Applications/Xcode.app/Contents/Developer/Toolchains/XcodeDefault.xctoolchain/usr/lib/clang/14.0.0/include -internal-externc-isystem /Applications/Xcode.app/Contents/Developer/Platforms/MacOSX.platform/Developer/SDKs/MacOSX13.0.sdk/usr/include -internal-externc-isystem /Applications/Xcode.app/Contents/Developer/Toolchains/XcodeDefault.xctoolchain/usr/include -Wno-reorder-init-list -Wno-implicit-int-float-conversion -Wno-c99-designator -Wno-final-dtor-non-final-class -Wno-extra-semi-stmt -Wno-misleading-indentation -Wno-quoted-include-in-framework-header -Wno-implicit-fallthrough -Wno-enum-enum-conversion -Wno-enum-float-conversion -Wno-elaborated-enum-base -Wno-reserved-identifier -Wno-gnu-folding-constant -Wno-cast-function-type -Wno-bitwise-instead-of-logical -fdeprecated-macro -fdebug-compilation-dir=/Users/lusterclaws/Desktop/mdig-agh-lang_c__exercises-8b07bfe7cc20/projekty/untitled/cmake-build-debug/CMakeFiles/CMakeTmp -ferror-limit 19 -stack-protector 1 -fstack-check -mdarwin-stkchk-strong-link -fblocks -fencode-extended-block-signature -fregister-global-dtors-with-atexit -fgnuc-version=4.2.1 -fno-cxx-modules -fcxx-exceptions -fexceptions -fmax-type-align=16 -fcommon -fcolor-diagnostics -clang-vendor-feature=+messageToSelfInClassMethodIdReturnType -clang-vendor-feature=+disableInferNewAvailabilityFromInit -clang-vendor-feature=+disableNonDependentMemberExprInCurrentInstantiation -fno-odr-hash-protocols -clang-vendor-feature=+enableAggressiveVLAFolding -clang-vendor-feature=+revert09abecef7bbf -clang-vendor-feature=+thisNoAlignAttr -clang-vendor-feature=+thisNoNullAttr -mllvm -disable-aligned-alloc-awareness=1 -D__GCC_HAVE_DWARF2_CFI_ASM=1 -o CMakeFiles/cmTC_768cd.dir/CMakeCXXCompilerABI.cpp.o -x c++ /Applications/CLion.app/Contents/bin/cmake/mac/share/cmake-3.24/Modules/CMakeCXXCompilerABI.cpp]
  ignore line: [clang -cc1 version 14.0.0 (clang-1400.0.29.202) default target arm64-apple-darwin22.1.0]
  ignore line: [ignoring nonexistent directory "/Applications/Xcode.app/Contents/Developer/Platforms/MacOSX.platform/Developer/SDKs/MacOSX13.0.sdk/usr/local/include"]
  ignore line: [ignoring nonexistent directory "/Applications/Xcode.app/Contents/Developer/Platforms/MacOSX.platform/Developer/SDKs/MacOSX13.0.sdk/Library/Frameworks"]
  ignore line: [#include "..." search starts here:]
  ignore line: [#include <...> search starts here:]
  ignore line: [ /Applications/Xcode.app/Contents/Developer/Platforms/MacOSX.platform/Developer/SDKs/MacOSX13.0.sdk/usr/include/c++/v1]
  ignore line: [ /Applications/Xcode.app/Contents/Developer/Toolchains/XcodeDefault.xctoolchain/usr/lib/clang/14.0.0/include]
  ignore line: [ /Applications/Xcode.app/Contents/Developer/Platforms/MacOSX.platform/Developer/SDKs/MacOSX13.0.sdk/usr/include]
  ignore line: [ /Applications/Xcode.app/Contents/Developer/Toolchains/XcodeDefault.xctoolchain/usr/include]
  ignore line: [ /Applications/Xcode.app/Contents/Developer/Platforms/MacOSX.platform/Developer/SDKs/MacOSX13.0.sdk/System/Library/Frameworks (framework directory)]
  ignore line: [End of search list.]
  ignore line: [[2/2] Linking CXX executable cmTC_768cd]
  ignore line: [Apple clang version 14.0.0 (clang-1400.0.29.202)]
  ignore line: [Target: arm64-apple-darwin22.1.0]
  ignore line: [Thread model: posix]
  ignore line: [InstalledDir: /Applications/Xcode.app/Contents/Developer/Toolchains/XcodeDefault.xctoolchain/usr/bin]
  link line: [ "/Applications/Xcode.app/Contents/Developer/Toolchains/XcodeDefault.xctoolchain/usr/bin/ld" -demangle -lto_library /Applications/Xcode.app/Contents/Developer/Toolchains/XcodeDefault.xctoolchain/usr/lib/libLTO.dylib -dynamic -arch arm64 -platform_version macos 13.0.0 13.0 -syslibroot /Applications/Xcode.app/Contents/Developer/Platforms/MacOSX.platform/Developer/SDKs/MacOSX13.0.sdk -o cmTC_768cd -search_paths_first -headerpad_max_install_names -v CMakeFiles/cmTC_768cd.dir/CMakeCXXCompilerABI.cpp.o -lc++ -lSystem /Applications/Xcode.app/Contents/Developer/Toolchains/XcodeDefault.xctoolchain/usr/lib/clang/14.0.0/lib/darwin/libclang_rt.osx.a]
    arg [/Applications/Xcode.app/Contents/Developer/Toolchains/XcodeDefault.xctoolchain/usr/bin/ld] ==> ignore
    arg [-demangle] ==> ignore
    arg [-lto_library] ==> ignore, skip following value
    arg [/Applications/Xcode.app/Contents/Developer/Toolchains/XcodeDefault.xctoolchain/usr/lib/libLTO.dylib] ==> skip value of -lto_library
    arg [-dynamic] ==> ignore
    arg [-arch] ==> ignore
    arg [arm64] ==> ignore
    arg [-platform_version] ==> ignore
    arg [macos] ==> ignore
    arg [13.0.0] ==> ignore
    arg [13.0] ==> ignore
    arg [-syslibroot] ==> ignore
    arg [/Applications/Xcode.app/Contents/Developer/Platforms/MacOSX.platform/Developer/SDKs/MacOSX13.0.sdk] ==> ignore
    arg [-o] ==> ignore
    arg [cmTC_768cd] ==> ignore
    arg [-search_paths_first] ==> ignore
    arg [-headerpad_max_install_names] ==> ignore
    arg [-v] ==> ignore
    arg [CMakeFiles/cmTC_768cd.dir/CMakeCXXCompilerABI.cpp.o] ==> ignore
    arg [-lc++] ==> lib [c++]
    arg [-lSystem] ==> lib [System]
    arg [/Applications/Xcode.app/Contents/Developer/Toolchains/XcodeDefault.xctoolchain/usr/lib/clang/14.0.0/lib/darwin/libclang_rt.osx.a] ==> lib [/Applications/Xcode.app/Contents/Developer/Toolchains/XcodeDefault.xctoolchain/usr/lib/clang/14.0.0/lib/darwin/libclang_rt.osx.a]
  Library search paths: [;/Applications/Xcode.app/Contents/Developer/Platforms/MacOSX.platform/Developer/SDKs/MacOSX13.0.sdk/usr/lib]
  Framework search paths: [;/Applications/Xcode.app/Contents/Developer/Platforms/MacOSX.platform/Developer/SDKs/MacOSX13.0.sdk/System/Library/Frameworks/]
  remove lib [System]
  remove lib [/Applications/Xcode.app/Contents/Developer/Toolchains/XcodeDefault.xctoolchain/usr/lib/clang/14.0.0/lib/darwin/libclang_rt.osx.a]
  collapse library dir [/Applications/Xcode.app/Contents/Developer/Platforms/MacOSX.platform/Developer/SDKs/MacOSX13.0.sdk/usr/lib] ==> [/Applications/Xcode.app/Contents/Developer/Platforms/MacOSX.platform/Developer/SDKs/MacOSX13.0.sdk/usr/lib]
  collapse framework dir [/Applications/Xcode.app/Contents/Developer/Platforms/MacOSX.platform/Developer/SDKs/MacOSX13.0.sdk/System/Library/Frameworks/] ==> [/Applications/Xcode.app/Contents/Developer/Platforms/MacOSX.platform/Developer/SDKs/MacOSX13.0.sdk/System/Library/Frameworks]
  implicit libs: [c++]
  implicit objs: []
  implicit dirs: [/Applications/Xcode.app/Contents/Developer/Platforms/MacOSX.platform/Developer/SDKs/MacOSX13.0.sdk/usr/lib]
  implicit fwks: [/Applications/Xcode.app/Contents/Developer/Platforms/MacOSX.platform/Developer/SDKs/MacOSX13.0.sdk/System/Library/Frameworks]


Determining if the posix_memalign exist passed with the following output:
Change Dir: /Users/lusterclaws/Desktop/mdig-agh-lang_c__exercises-8b07bfe7cc20/projekty/untitled/cmake-build-debug/CMakeFiles/CMakeTmp

Run Build Command(s):/Applications/CLion.app/Contents/bin/ninja/mac/ninja cmTC_73ee6 && [1/2] Building C object CMakeFiles/cmTC_73ee6.dir/CheckSymbolExists.c.o
[2/2] Linking C executable cmTC_73ee6


File /Users/lusterclaws/Desktop/mdig-agh-lang_c__exercises-8b07bfe7cc20/projekty/untitled/cmake-build-debug/CMakeFiles/CMakeTmp/CheckSymbolExists.c:
/* */
#include <stdlib.h>

int main(int argc, char** argv)
{
  (void)argv;
#ifndef posix_memalign
  return ((int*)(&posix_memalign))[argc];
#else
  (void)argc;
  return 0;
#endif
}
Determining if the function fseeko exists passed with the following output:
Change Dir: /Users/lusterclaws/Desktop/mdig-agh-lang_c__exercises-8b07bfe7cc20/projekty/untitled/cmake-build-debug/CMakeFiles/CMakeTmp

Run Build Command(s):/Applications/CLion.app/Contents/bin/ninja/mac/ninja cmTC_b1397 && [1/2] Building C object CMakeFiles/cmTC_b1397.dir/CheckFunctionExists.c.o
[2/2] Linking C executable cmTC_b1397



Determining if the include file unistd.h exists passed with the following output:
Change Dir: /Users/lusterclaws/Desktop/mdig-agh-lang_c__exercises-8b07bfe7cc20/projekty/untitled/cmake-build-debug/CMakeFiles/CMakeTmp

Run Build Command(s):/Applications/CLion.app/Contents/bin/ninja/mac/ninja cmTC_a5d6e && [1/2] Building C object CMakeFiles/cmTC_a5d6e.dir/CheckIncludeFile.c.o
[2/2] Linking C executable cmTC_a5d6e



Determining if the include file sys/types.h exists passed with the following output:
Change Dir: /Users/lusterclaws/Desktop/mdig-agh-lang_c__exercises-8b07bfe7cc20/projekty/untitled/cmake-build-debug/CMakeFiles/CMakeTmp

Run Build Command(s):/Applications/CLion.app/Contents/bin/ninja/mac/ninja cmTC_14486 && [1/2] Building C object CMakeFiles/cmTC_14486.dir/CheckIncludeFile.c.o
[2/2] Linking C executable cmTC_14486



Determining if the include file stdint.h exists passed with the following output:
Change Dir: /Users/lusterclaws/Desktop/mdig-agh-lang_c__exercises-8b07bfe7cc20/projekty/untitled/cmake-build-debug/CMakeFiles/CMakeTmp

Run Build Command(s):/Applications/CLion.app/Contents/bin/ninja/mac/ninja cmTC_3b17e && [1/2] Building C object CMakeFiles/cmTC_3b17e.dir/CheckIncludeFile.c.o
[2/2] Linking C executable cmTC_3b17e



Determining if the include file stddef.h exists passed with the following output:
Change Dir: /Users/lusterclaws/Desktop/mdig-agh-lang_c__exercises-8b07bfe7cc20/projekty/untitled/cmake-build-debug/CMakeFiles/CMakeTmp

Run Build Command(s):/Applications/CLion.app/Contents/bin/ninja/mac/ninja cmTC_7804b && [1/2] Building C object CMakeFiles/cmTC_7804b.dir/CheckIncludeFile.c.o
[2/2] Linking C executable cmTC_7804b



Determining size of size_t passed with the following output:
Change Dir: /Users/lusterclaws/Desktop/mdig-agh-lang_c__exercises-8b07bfe7cc20/projekty/untitled/cmake-build-debug/CMakeFiles/CMakeTmp

Run Build Command(s):/Applications/CLion.app/Contents/bin/ninja/mac/ninja cmTC_87cd3 && [1/2] Building C object CMakeFiles/cmTC_87cd3.dir/SIZEOF_SIZE_T.c.o
[2/2] Linking C executable cmTC_87cd3



Determining size of unsigned long passed with the following output:
Change Dir: /Users/lusterclaws/Desktop/mdig-agh-lang_c__exercises-8b07bfe7cc20/projekty/untitled/cmake-build-debug/CMakeFiles/CMakeTmp

Run Build Command(s):/Applications/CLion.app/Contents/bin/ninja/mac/ninja cmTC_581ce && [1/2] Building C object CMakeFiles/cmTC_581ce.dir/SIZEOF_UNSIGNED_LONG.c.o
[2/2] Linking C executable cmTC_581ce



Performing C SOURCE FILE Test HAVE_BUILTIN_CTZL succeeded with the following output:
Change Dir: /Users/lusterclaws/Desktop/mdig-agh-lang_c__exercises-8b07bfe7cc20/projekty/untitled/cmake-build-debug/CMakeFiles/CMakeTmp

Run Build Command(s):/Applications/CLion.app/Contents/bin/ninja/mac/ninja cmTC_2d278 && [1/2] Building C object CMakeFiles/cmTC_2d278.dir/src.c.o
[2/2] Linking C executable cmTC_2d278


Source file was:
int main(int argc, char **argv) { unsigned long a = argc;  return __builtin_ctzl(a); }
Determining if files locale.h exist passed with the following output:
Change Dir: /Users/lusterclaws/Desktop/mdig-agh-lang_c__exercises-8b07bfe7cc20/projekty/untitled/cmake-build-debug/CMakeFiles/CMakeTmp

Run Build Command(s):/Applications/CLion.app/Contents/bin/ninja/mac/ninja cmTC_c30ae && [1/2] Building C object CMakeFiles/cmTC_c30ae.dir/HAVE_LOCALE_H.c.o
[2/2] Linking C executable cmTC_c30ae



Determining if files stdlib.h exist passed with the following output:
Change Dir: /Users/lusterclaws/Desktop/mdig-agh-lang_c__exercises-8b07bfe7cc20/projekty/untitled/cmake-build-debug/CMakeFiles/CMakeTmp

Run Build Command(s):/Applications/CLion.app/Contents/bin/ninja/mac/ninja cmTC_8640e && [1/2] Building C object CMakeFiles/cmTC_8640e.dir/HAVE_STDLIB_H.c.o
[2/2] Linking C executable cmTC_8640e



Determining if files sys/types.h exist passed with the following output:
Change Dir: /Users/lusterclaws/Desktop/mdig-agh-lang_c__exercises-8b07bfe7cc20/projekty/untitled/cmake-build-debug/CMakeFiles/CMakeTmp

Run Build Command(s):/Applications/CLion.app/Contents/bin/ninja/mac/ninja cmTC_3372d && [1/2] Building C object CMakeFiles/cmTC_3372d.dir/NEED_SYS_TYPES_H.c.o
[2/2] Linking C executable cmTC_3372d



Performing C SOURCE FILE Test HAVE_VLD1_S16_X3 succeeded with the following output:
Change Dir: /Users/lusterclaws/Desktop/mdig-agh-lang_c__exercises-8b07bfe7cc20/projekty/untitled/cmake-build-debug/CMakeFiles/CMakeTmp

Run Build Command(s):/Applications/CLion.app/Contents/bin/ninja/mac/ninja cmTC_96548 && [1/2] Building C object CMakeFiles/cmTC_96548.dir/src.c.o
[2/2] Linking C executable cmTC_96548


Source file was:

  #include <arm_neon.h>
  int main(int argc, char **argv) {
    int16_t input[] = {
      (int16_t)argc, (int16_t)argc, (int16_t)argc, (int16_t)argc,
      (int16_t)argc, (int16_t)argc, (int16_t)argc, (int16_t)argc,
      (int16_t)argc, (int16_t)argc, (int16_t)argc, (int16_t)argc
    };
    int16x4x3_t output = vld1_s16_x3(input);
    vst3_s16(input, output);
    return (int)input[0];
  }
Performing C SOURCE FILE Test HAVE_VLD1_U16_X2 succeeded with the following output:
Change Dir: /Users/lusterclaws/Desktop/mdig-agh-lang_c__exercises-8b07bfe7cc20/projekty/untitled/cmake-build-debug/CMakeFiles/CMakeTmp

Run Build Command(s):/Applications/CLion.app/Contents/bin/ninja/mac/ninja cmTC_67edf && [1/2] Building C object CMakeFiles/cmTC_67edf.dir/src.c.o
[2/2] Linking C executable cmTC_67edf


Source file was:

  #include <arm_neon.h>
  int main(int argc, char **argv) {
    uint16_t input[] = {
      (uint16_t)argc, (uint16_t)argc, (uint16_t)argc, (uint16_t)argc,
      (uint16_t)argc, (uint16_t)argc, (uint16_t)argc, (uint16_t)argc
    };
    uint16x4x2_t output = vld1_u16_x2(input);
    vst2_u16(input, output);
    return (int)input[0];
  }
Performing C SOURCE FILE Test HAVE_VLD1Q_U8_X4 succeeded with the following output:
Change Dir: /Users/lusterclaws/Desktop/mdig-agh-lang_c__exercises-8b07bfe7cc20/projekty/untitled/cmake-build-debug/CMakeFiles/CMakeTmp

Run Build Command(s):/Applications/CLion.app/Contents/bin/ninja/mac/ninja cmTC_629f4 && [1/2] Building C object CMakeFiles/cmTC_629f4.dir/src.c.o
[2/2] Linking C executable cmTC_629f4


Source file was:

  #include <arm_neon.h>
  int main(int argc, char **argv) {
    uint8_t input[] = {
      (uint8_t)argc, (uint8_t)argc, (uint8_t)argc, (uint8_t)argc,
      (uint8_t)argc, (uint8_t)argc, (uint8_t)argc, (uint8_t)argc,
      (uint8_t)argc, (uint8_t)argc, (uint8_t)argc, (uint8_t)argc,
      (uint8_t)argc, (uint8_t)argc, (uint8_t)argc, (uint8_t)argc,
      (uint8_t)argc, (uint8_t)argc, (uint8_t)argc, (uint8_t)argc,
      (uint8_t)argc, (uint8_t)argc, (uint8_t)argc, (uint8_t)argc,
      (uint8_t)argc, (uint8_t)argc, (uint8_t)argc, (uint8_t)argc,
      (uint8_t)argc, (uint8_t)argc, (uint8_t)argc, (uint8_t)argc,
      (uint8_t)argc, (uint8_t)argc, (uint8_t)argc, (uint8_t)argc,
      (uint8_t)argc, (uint8_t)argc, (uint8_t)argc, (uint8_t)argc,
      (uint8_t)argc, (uint8_t)argc, (uint8_t)argc, (uint8_t)argc,
      (uint8_t)argc, (uint8_t)argc, (uint8_t)argc, (uint8_t)argc,
      (uint8_t)argc, (uint8_t)argc, (uint8_t)argc, (uint8_t)argc,
      (uint8_t)argc, (uint8_t)argc, (uint8_t)argc, (uint8_t)argc,
      (uint8_t)argc, (uint8_t)argc, (uint8_t)argc, (uint8_t)argc,
      (uint8_t)argc, (uint8_t)argc, (uint8_t)argc, (uint8_t)argc
    };
    uint8x16x4_t output = vld1q_u8_x4(input);
    vst4q_u8(input, output);
    return (int)input[0];
  }
Determining if the include file assert.h exists passed with the following output:
Change Dir: /Users/lusterclaws/Desktop/mdig-agh-lang_c__exercises-8b07bfe7cc20/projekty/untitled/cmake-build-debug/CMakeFiles/CMakeTmp

Run Build Command(s):/Applications/CLion.app/Contents/bin/ninja/mac/ninja cmTC_251de && [1/2] Building C object CMakeFiles/cmTC_251de.dir/CheckIncludeFile.c.o
[2/2] Linking C executable cmTC_251de



Determining if the include file dlfcn.h exists passed with the following output:
Change Dir: /Users/lusterclaws/Desktop/mdig-agh-lang_c__exercises-8b07bfe7cc20/projekty/untitled/cmake-build-debug/CMakeFiles/CMakeTmp

Run Build Command(s):/Applications/CLion.app/Contents/bin/ninja/mac/ninja cmTC_5f5ab && [1/2] Building C object CMakeFiles/cmTC_5f5ab.dir/CheckIncludeFile.c.o
[2/2] Linking C executable cmTC_5f5ab



Determining if the include file fcntl.h exists passed with the following output:
Change Dir: /Users/lusterclaws/Desktop/mdig-agh-lang_c__exercises-8b07bfe7cc20/projekty/untitled/cmake-build-debug/CMakeFiles/CMakeTmp

Run Build Command(s):/Applications/CLion.app/Contents/bin/ninja/mac/ninja cmTC_ee59a && [1/2] Building C object CMakeFiles/cmTC_ee59a.dir/CheckIncludeFile.c.o
[2/2] Linking C executable cmTC_ee59a



Determining if the include file inttypes.h exists passed with the following output:
Change Dir: /Users/lusterclaws/Desktop/mdig-agh-lang_c__exercises-8b07bfe7cc20/projekty/untitled/cmake-build-debug/CMakeFiles/CMakeTmp

Run Build Command(s):/Applications/CLion.app/Contents/bin/ninja/mac/ninja cmTC_00595 && [1/2] Building C object CMakeFiles/cmTC_00595.dir/CheckIncludeFile.c.o
[2/2] Linking C executable cmTC_00595



Determining if the include file limits.h exists passed with the following output:
Change Dir: /Users/lusterclaws/Desktop/mdig-agh-lang_c__exercises-8b07bfe7cc20/projekty/untitled/cmake-build-debug/CMakeFiles/CMakeTmp

Run Build Command(s):/Applications/CLion.app/Contents/bin/ninja/mac/ninja cmTC_4714e && [1/2] Building C object CMakeFiles/cmTC_4714e.dir/CheckIncludeFile.c.o
[2/2] Linking C executable cmTC_4714e



Determining if the include file memory.h exists passed with the following output:
Change Dir: /Users/lusterclaws/Desktop/mdig-agh-lang_c__exercises-8b07bfe7cc20/projekty/untitled/cmake-build-debug/CMakeFiles/CMakeTmp

Run Build Command(s):/Applications/CLion.app/Contents/bin/ninja/mac/ninja cmTC_c59cf && [1/2] Building C object CMakeFiles/cmTC_c59cf.dir/CheckIncludeFile.c.o
[2/2] Linking C executable cmTC_c59cf



Determining if the include file search.h exists passed with the following output:
Change Dir: /Users/lusterclaws/Desktop/mdig-agh-lang_c__exercises-8b07bfe7cc20/projekty/untitled/cmake-build-debug/CMakeFiles/CMakeTmp

Run Build Command(s):/Applications/CLion.app/Contents/bin/ninja/mac/ninja cmTC_b0692 && [1/2] Building C object CMakeFiles/cmTC_b0692.dir/CheckIncludeFile.c.o
[2/2] Linking C executable cmTC_b0692



Determining if the include file string.h exists passed with the following output:
Change Dir: /Users/lusterclaws/Desktop/mdig-agh-lang_c__exercises-8b07bfe7cc20/projekty/untitled/cmake-build-debug/CMakeFiles/CMakeTmp

Run Build Command(s):/Applications/CLion.app/Contents/bin/ninja/mac/ninja cmTC_08407 && [1/2] Building C object CMakeFiles/cmTC_08407.dir/CheckIncludeFile.c.o
[2/2] Linking C executable cmTC_08407



Determining if the include file strings.h exists passed with the following output:
Change Dir: /Users/lusterclaws/Desktop/mdig-agh-lang_c__exercises-8b07bfe7cc20/projekty/untitled/cmake-build-debug/CMakeFiles/CMakeTmp

Run Build Command(s):/Applications/CLion.app/Contents/bin/ninja/mac/ninja cmTC_a5a25 && [1/2] Building C object CMakeFiles/cmTC_a5a25.dir/CheckIncludeFile.c.o
[2/2] Linking C executable cmTC_a5a25



Determining if the include file sys/time.h exists passed with the following output:
Change Dir: /Users/lusterclaws/Desktop/mdig-agh-lang_c__exercises-8b07bfe7cc20/projekty/untitled/cmake-build-debug/CMakeFiles/CMakeTmp

Run Build Command(s):/Applications/CLion.app/Contents/bin/ninja/mac/ninja cmTC_70271 && [1/2] Building C object CMakeFiles/cmTC_70271.dir/CheckIncludeFile.c.o
[2/2] Linking C executable cmTC_70271



Determining if the include file unistd.h exists passed with the following output:
Change Dir: /Users/lusterclaws/Desktop/mdig-agh-lang_c__exercises-8b07bfe7cc20/projekty/untitled/cmake-build-debug/CMakeFiles/CMakeTmp

Run Build Command(s):/Applications/CLion.app/Contents/bin/ninja/mac/ninja cmTC_4f2ab && [1/2] Building C object CMakeFiles/cmTC_4f2ab.dir/CheckIncludeFile.c.o
[2/2] Linking C executable cmTC_4f2ab



Performing C SOURCE FILE Test C_HAS_inline succeeded with the following output:
Change Dir: /Users/lusterclaws/Desktop/mdig-agh-lang_c__exercises-8b07bfe7cc20/projekty/untitled/cmake-build-debug/CMakeFiles/CMakeTmp

Run Build Command(s):/Applications/CLion.app/Contents/bin/ninja/mac/ninja cmTC_d7c46 && [1/2] Building C object CMakeFiles/cmTC_d7c46.dir/src.c.o
/Users/lusterclaws/Desktop/mdig-agh-lang_c__exercises-8b07bfe7cc20/projekty/untitled/cmake-build-debug/CMakeFiles/CMakeTmp/src.c:4:15: warning: no previous prototype for function 'foo' [-Wmissing-prototypes]
        foo_t foo(){return 0;}
              ^
/Users/lusterclaws/Desktop/mdig-agh-lang_c__exercises-8b07bfe7cc20/projekty/untitled/cmake-build-debug/CMakeFiles/CMakeTmp/src.c:4:9: note: declare 'static' if the function is not intended to be used outside of this translation unit
        foo_t foo(){return 0;}
        ^
        static 
/Users/lusterclaws/Desktop/mdig-agh-lang_c__exercises-8b07bfe7cc20/projekty/untitled/cmake-build-debug/CMakeFiles/CMakeTmp/src.c:4:18: warning: this old-style function definition is not preceded by a prototype [-Wstrict-prototypes]
        foo_t foo(){return 0;}
                 ^
/Users/lusterclaws/Desktop/mdig-agh-lang_c__exercises-8b07bfe7cc20/projekty/untitled/cmake-build-debug/CMakeFiles/CMakeTmp/src.c:5:22: warning: unused parameter 'argc' [-Wunused-parameter]
        int main(int argc, char *argv[]) {return 0;}
                     ^
/Users/lusterclaws/Desktop/mdig-agh-lang_c__exercises-8b07bfe7cc20/projekty/untitled/cmake-build-debug/CMakeFiles/CMakeTmp/src.c:5:34: warning: unused parameter 'argv' [-Wunused-parameter]
        int main(int argc, char *argv[]) {return 0;}
                                 ^
/Users/lusterclaws/Desktop/mdig-agh-lang_c__exercises-8b07bfe7cc20/projekty/untitled/cmake-build-debug/CMakeFiles/CMakeTmp/src.c:3:29: warning: unused function 'static_foo' [-Wunused-function]
        static inline foo_t static_foo() {return 0;}
                            ^
5 warnings generated.
[2/2] Linking C executable cmTC_d7c46


Source file was:

        typedef int foo_t;
        static inline foo_t static_foo() {return 0;}
        foo_t foo(){return 0;}
        int main(int argc, char *argv[]) {return 0;}
Determining size of signed short passed with the following output:
Change Dir: /Users/lusterclaws/Desktop/mdig-agh-lang_c__exercises-8b07bfe7cc20/projekty/untitled/cmake-build-debug/CMakeFiles/CMakeTmp

Run Build Command(s):/Applications/CLion.app/Contents/bin/ninja/mac/ninja cmTC_d6e09 && [1/2] Building C object CMakeFiles/cmTC_d6e09.dir/SIZEOF_SIGNED_SHORT.c.o
[2/2] Linking C executable cmTC_d6e09



Determining size of unsigned short passed with the following output:
Change Dir: /Users/lusterclaws/Desktop/mdig-agh-lang_c__exercises-8b07bfe7cc20/projekty/untitled/cmake-build-debug/CMakeFiles/CMakeTmp

Run Build Command(s):/Applications/CLion.app/Contents/bin/ninja/mac/ninja cmTC_5ae1d && [1/2] Building C object CMakeFiles/cmTC_5ae1d.dir/SIZEOF_UNSIGNED_SHORT.c.o
[2/2] Linking C executable cmTC_5ae1d



Determining size of signed int passed with the following output:
Change Dir: /Users/lusterclaws/Desktop/mdig-agh-lang_c__exercises-8b07bfe7cc20/projekty/untitled/cmake-build-debug/CMakeFiles/CMakeTmp

Run Build Command(s):/Applications/CLion.app/Contents/bin/ninja/mac/ninja cmTC_e2fe8 && [1/2] Building C object CMakeFiles/cmTC_e2fe8.dir/SIZEOF_SIGNED_INT.c.o
[2/2] Linking C executable cmTC_e2fe8



Determining size of unsigned int passed with the following output:
Change Dir: /Users/lusterclaws/Desktop/mdig-agh-lang_c__exercises-8b07bfe7cc20/projekty/untitled/cmake-build-debug/CMakeFiles/CMakeTmp

Run Build Command(s):/Applications/CLion.app/Contents/bin/ninja/mac/ninja cmTC_c29b7 && [1/2] Building C object CMakeFiles/cmTC_c29b7.dir/SIZEOF_UNSIGNED_INT.c.o
[2/2] Linking C executable cmTC_c29b7



Determining size of signed long passed with the following output:
Change Dir: /Users/lusterclaws/Desktop/mdig-agh-lang_c__exercises-8b07bfe7cc20/projekty/untitled/cmake-build-debug/CMakeFiles/CMakeTmp

Run Build Command(s):/Applications/CLion.app/Contents/bin/ninja/mac/ninja cmTC_223d2 && [1/2] Building C object CMakeFiles/cmTC_223d2.dir/SIZEOF_SIGNED_LONG.c.o
[2/2] Linking C executable cmTC_223d2



Determining size of signed long long passed with the following output:
Change Dir: /Users/lusterclaws/Desktop/mdig-agh-lang_c__exercises-8b07bfe7cc20/projekty/untitled/cmake-build-debug/CMakeFiles/CMakeTmp

Run Build Command(s):/Applications/CLion.app/Contents/bin/ninja/mac/ninja cmTC_473c1 && [1/2] Building C object CMakeFiles/cmTC_473c1.dir/SIZEOF_SIGNED_LONG_LONG.c.o
[2/2] Linking C executable cmTC_473c1



Determining size of unsigned long long passed with the following output:
Change Dir: /Users/lusterclaws/Desktop/mdig-agh-lang_c__exercises-8b07bfe7cc20/projekty/untitled/cmake-build-debug/CMakeFiles/CMakeTmp

Run Build Command(s):/Applications/CLion.app/Contents/bin/ninja/mac/ninja cmTC_ec967 && [1/2] Building C object CMakeFiles/cmTC_ec967.dir/SIZEOF_UNSIGNED_LONG_LONG.c.o
[2/2] Linking C executable cmTC_ec967



Determining size of unsigned char * passed with the following output:
Change Dir: /Users/lusterclaws/Desktop/mdig-agh-lang_c__exercises-8b07bfe7cc20/projekty/untitled/cmake-build-debug/CMakeFiles/CMakeTmp

Run Build Command(s):/Applications/CLion.app/Contents/bin/ninja/mac/ninja cmTC_05e5e && [1/2] Building C object CMakeFiles/cmTC_05e5e.dir/SIZEOF_UNSIGNED_CHAR_P.c.o
[2/2] Linking C executable cmTC_05e5e



Determining size of ptrdiff_t passed with the following output:
Change Dir: /Users/lusterclaws/Desktop/mdig-agh-lang_c__exercises-8b07bfe7cc20/projekty/untitled/cmake-build-debug/CMakeFiles/CMakeTmp

Run Build Command(s):/Applications/CLion.app/Contents/bin/ninja/mac/ninja cmTC_6b71c && [1/2] Building C object CMakeFiles/cmTC_6b71c.dir/SIZEOF_PTRDIFF_T.c.o
[2/2] Linking C executable cmTC_6b71c



Determining if the function floor exists passed with the following output:
Change Dir: /Users/lusterclaws/Desktop/mdig-agh-lang_c__exercises-8b07bfe7cc20/projekty/untitled/cmake-build-debug/CMakeFiles/CMakeTmp

Run Build Command(s):/Applications/CLion.app/Contents/bin/ninja/mac/ninja cmTC_c99d6 && [1/2] Building C object CMakeFiles/cmTC_c99d6.dir/CheckFunctionExists.c.o
/Applications/CLion.app/Contents/bin/cmake/mac/share/cmake-3.24/Modules/CheckFunctionExists.c:7:3: warning: incompatible redeclaration of library function 'floor' [-Wincompatible-library-redeclaration]
  CHECK_FUNCTION_EXISTS(void);
  ^
<command line>:1:31: note: expanded from here
#define CHECK_FUNCTION_EXISTS floor
                              ^
/Applications/CLion.app/Contents/bin/cmake/mac/share/cmake-3.24/Modules/CheckFunctionExists.c:7:3: note: 'floor' is a builtin with type 'double (double)'
<command line>:1:31: note: expanded from here
#define CHECK_FUNCTION_EXISTS floor
                              ^
1 warning generated.
[2/2] Linking C executable cmTC_c99d6



Determining if the function pow exists passed with the following output:
Change Dir: /Users/lusterclaws/Desktop/mdig-agh-lang_c__exercises-8b07bfe7cc20/projekty/untitled/cmake-build-debug/CMakeFiles/CMakeTmp

Run Build Command(s):/Applications/CLion.app/Contents/bin/ninja/mac/ninja cmTC_bfebc && [1/2] Building C object CMakeFiles/cmTC_bfebc.dir/CheckFunctionExists.c.o
/Applications/CLion.app/Contents/bin/cmake/mac/share/cmake-3.24/Modules/CheckFunctionExists.c:7:3: warning: incompatible redeclaration of library function 'pow' [-Wincompatible-library-redeclaration]
  CHECK_FUNCTION_EXISTS(void);
  ^
<command line>:1:31: note: expanded from here
#define CHECK_FUNCTION_EXISTS pow
                              ^
/Applications/CLion.app/Contents/bin/cmake/mac/share/cmake-3.24/Modules/CheckFunctionExists.c:7:3: note: 'pow' is a builtin with type 'double (double, double)'
<command line>:1:31: note: expanded from here
#define CHECK_FUNCTION_EXISTS pow
                              ^
1 warning generated.
[2/2] Linking C executable cmTC_bfebc



Determining if the function sqrt exists passed with the following output:
Change Dir: /Users/lusterclaws/Desktop/mdig-agh-lang_c__exercises-8b07bfe7cc20/projekty/untitled/cmake-build-debug/CMakeFiles/CMakeTmp

Run Build Command(s):/Applications/CLion.app/Contents/bin/ninja/mac/ninja cmTC_f5019 && [1/2] Building C object CMakeFiles/cmTC_f5019.dir/CheckFunctionExists.c.o
/Applications/CLion.app/Contents/bin/cmake/mac/share/cmake-3.24/Modules/CheckFunctionExists.c:7:3: warning: incompatible redeclaration of library function 'sqrt' [-Wincompatible-library-redeclaration]
  CHECK_FUNCTION_EXISTS(void);
  ^
<command line>:1:31: note: expanded from here
#define CHECK_FUNCTION_EXISTS sqrt
                              ^
/Applications/CLion.app/Contents/bin/cmake/mac/share/cmake-3.24/Modules/CheckFunctionExists.c:7:3: note: 'sqrt' is a builtin with type 'double (double)'
<command line>:1:31: note: expanded from here
#define CHECK_FUNCTION_EXISTS sqrt
                              ^
1 warning generated.
[2/2] Linking C executable cmTC_f5019



Determining if the function isascii exists passed with the following output:
Change Dir: /Users/lusterclaws/Desktop/mdig-agh-lang_c__exercises-8b07bfe7cc20/projekty/untitled/cmake-build-debug/CMakeFiles/CMakeTmp

Run Build Command(s):/Applications/CLion.app/Contents/bin/ninja/mac/ninja cmTC_213ff && [1/2] Building C object CMakeFiles/cmTC_213ff.dir/CheckFunctionExists.c.o
[2/2] Linking C executable cmTC_213ff



Determining if the function memset exists passed with the following output:
Change Dir: /Users/lusterclaws/Desktop/mdig-agh-lang_c__exercises-8b07bfe7cc20/projekty/untitled/cmake-build-debug/CMakeFiles/CMakeTmp

Run Build Command(s):/Applications/CLion.app/Contents/bin/ninja/mac/ninja cmTC_50a8d && [1/2] Building C object CMakeFiles/cmTC_50a8d.dir/CheckFunctionExists.c.o
/Applications/CLion.app/Contents/bin/cmake/mac/share/cmake-3.24/Modules/CheckFunctionExists.c:7:3: warning: incompatible redeclaration of library function 'memset' [-Wincompatible-library-redeclaration]
  CHECK_FUNCTION_EXISTS(void);
  ^
<command line>:1:31: note: expanded from here
#define CHECK_FUNCTION_EXISTS memset
                              ^
/Applications/CLion.app/Contents/bin/cmake/mac/share/cmake-3.24/Modules/CheckFunctionExists.c:7:3: note: 'memset' is a builtin with type 'void *(void *, int, unsigned long)'
<command line>:1:31: note: expanded from here
#define CHECK_FUNCTION_EXISTS memset
                              ^
1 warning generated.
[2/2] Linking C executable cmTC_50a8d



Determining if the function mmap exists passed with the following output:
Change Dir: /Users/lusterclaws/Desktop/mdig-agh-lang_c__exercises-8b07bfe7cc20/projekty/untitled/cmake-build-debug/CMakeFiles/CMakeTmp

Run Build Command(s):/Applications/CLion.app/Contents/bin/ninja/mac/ninja cmTC_64631 && [1/2] Building C object CMakeFiles/cmTC_64631.dir/CheckFunctionExists.c.o
[2/2] Linking C executable cmTC_64631



Determining if the function getopt exists passed with the following output:
Change Dir: /Users/lusterclaws/Desktop/mdig-agh-lang_c__exercises-8b07bfe7cc20/projekty/untitled/cmake-build-debug/CMakeFiles/CMakeTmp

Run Build Command(s):/Applications/CLion.app/Contents/bin/ninja/mac/ninja cmTC_9674d && [1/2] Building C object CMakeFiles/cmTC_9674d.dir/CheckFunctionExists.c.o
[2/2] Linking C executable cmTC_9674d



Determining if the function memmove exists passed with the following output:
Change Dir: /Users/lusterclaws/Desktop/mdig-agh-lang_c__exercises-8b07bfe7cc20/projekty/untitled/cmake-build-debug/CMakeFiles/CMakeTmp

Run Build Command(s):/Applications/CLion.app/Contents/bin/ninja/mac/ninja cmTC_ff238 && [1/2] Building C object CMakeFiles/cmTC_ff238.dir/CheckFunctionExists.c.o
/Applications/CLion.app/Contents/bin/cmake/mac/share/cmake-3.24/Modules/CheckFunctionExists.c:7:3: warning: incompatible redeclaration of library function 'memmove' [-Wincompatible-library-redeclaration]
  CHECK_FUNCTION_EXISTS(void);
  ^
<command line>:1:31: note: expanded from here
#define CHECK_FUNCTION_EXISTS memmove
                              ^
/Applications/CLion.app/Contents/bin/cmake/mac/share/cmake-3.24/Modules/CheckFunctionExists.c:7:3: note: 'memmove' is a builtin with type 'void *(void *, const void *, unsigned long)'
<command line>:1:31: note: expanded from here
#define CHECK_FUNCTION_EXISTS memmove
                              ^
1 warning generated.
[2/2] Linking C executable cmTC_ff238



Determining if the function setmode exists passed with the following output:
Change Dir: /Users/lusterclaws/Desktop/mdig-agh-lang_c__exercises-8b07bfe7cc20/projekty/untitled/cmake-build-debug/CMakeFiles/CMakeTmp

Run Build Command(s):/Applications/CLion.app/Contents/bin/ninja/mac/ninja cmTC_61c45 && [1/2] Building C object CMakeFiles/cmTC_61c45.dir/CheckFunctionExists.c.o
[2/2] Linking C executable cmTC_61c45



Determining if the function strcasecmp exists passed with the following output:
Change Dir: /Users/lusterclaws/Desktop/mdig-agh-lang_c__exercises-8b07bfe7cc20/projekty/untitled/cmake-build-debug/CMakeFiles/CMakeTmp

Run Build Command(s):/Applications/CLion.app/Contents/bin/ninja/mac/ninja cmTC_09278 && [1/2] Building C object CMakeFiles/cmTC_09278.dir/CheckFunctionExists.c.o
/Applications/CLion.app/Contents/bin/cmake/mac/share/cmake-3.24/Modules/CheckFunctionExists.c:7:3: warning: incompatible redeclaration of library function 'strcasecmp' [-Wincompatible-library-redeclaration]
  CHECK_FUNCTION_EXISTS(void);
  ^
<command line>:1:31: note: expanded from here
#define CHECK_FUNCTION_EXISTS strcasecmp
                              ^
/Applications/CLion.app/Contents/bin/cmake/mac/share/cmake-3.24/Modules/CheckFunctionExists.c:7:3: note: 'strcasecmp' is a builtin with type 'int (const char *, const char *)'
<command line>:1:31: note: expanded from here
#define CHECK_FUNCTION_EXISTS strcasecmp
                              ^
1 warning generated.
[2/2] Linking C executable cmTC_09278



Determining if the function strchr exists passed with the following output:
Change Dir: /Users/lusterclaws/Desktop/mdig-agh-lang_c__exercises-8b07bfe7cc20/projekty/untitled/cmake-build-debug/CMakeFiles/CMakeTmp

Run Build Command(s):/Applications/CLion.app/Contents/bin/ninja/mac/ninja cmTC_59584 && [1/2] Building C object CMakeFiles/cmTC_59584.dir/CheckFunctionExists.c.o
/Applications/CLion.app/Contents/bin/cmake/mac/share/cmake-3.24/Modules/CheckFunctionExists.c:7:3: warning: incompatible redeclaration of library function 'strchr' [-Wincompatible-library-redeclaration]
  CHECK_FUNCTION_EXISTS(void);
  ^
<command line>:1:31: note: expanded from here
#define CHECK_FUNCTION_EXISTS strchr
                              ^
/Applications/CLion.app/Contents/bin/cmake/mac/share/cmake-3.24/Modules/CheckFunctionExists.c:7:3: note: 'strchr' is a builtin with type 'char *(const char *, int)'
<command line>:1:31: note: expanded from here
#define CHECK_FUNCTION_EXISTS strchr
                              ^
1 warning generated.
[2/2] Linking C executable cmTC_59584



Determining if the function strrchr exists passed with the following output:
Change Dir: /Users/lusterclaws/Desktop/mdig-agh-lang_c__exercises-8b07bfe7cc20/projekty/untitled/cmake-build-debug/CMakeFiles/CMakeTmp

Run Build Command(s):/Applications/CLion.app/Contents/bin/ninja/mac/ninja cmTC_eb3a0 && [1/2] Building C object CMakeFiles/cmTC_eb3a0.dir/CheckFunctionExists.c.o
/Applications/CLion.app/Contents/bin/cmake/mac/share/cmake-3.24/Modules/CheckFunctionExists.c:7:3: warning: incompatible redeclaration of library function 'strrchr' [-Wincompatible-library-redeclaration]
  CHECK_FUNCTION_EXISTS(void);
  ^
<command line>:1:31: note: expanded from here
#define CHECK_FUNCTION_EXISTS strrchr
                              ^
/Applications/CLion.app/Contents/bin/cmake/mac/share/cmake-3.24/Modules/CheckFunctionExists.c:7:3: note: 'strrchr' is a builtin with type 'char *(const char *, int)'
<command line>:1:31: note: expanded from here
#define CHECK_FUNCTION_EXISTS strrchr
                              ^
1 warning generated.
[2/2] Linking C executable cmTC_eb3a0



Determining if the function strstr exists passed with the following output:
Change Dir: /Users/lusterclaws/Desktop/mdig-agh-lang_c__exercises-8b07bfe7cc20/projekty/untitled/cmake-build-debug/CMakeFiles/CMakeTmp

Run Build Command(s):/Applications/CLion.app/Contents/bin/ninja/mac/ninja cmTC_81b91 && [1/2] Building C object CMakeFiles/cmTC_81b91.dir/CheckFunctionExists.c.o
/Applications/CLion.app/Contents/bin/cmake/mac/share/cmake-3.24/Modules/CheckFunctionExists.c:7:3: warning: incompatible redeclaration of library function 'strstr' [-Wincompatible-library-redeclaration]
  CHECK_FUNCTION_EXISTS(void);
  ^
<command line>:1:31: note: expanded from here
#define CHECK_FUNCTION_EXISTS strstr
                              ^
/Applications/CLion.app/Contents/bin/cmake/mac/share/cmake-3.24/Modules/CheckFunctionExists.c:7:3: note: 'strstr' is a builtin with type 'char *(const char *, const char *)'
<command line>:1:31: note: expanded from here
#define CHECK_FUNCTION_EXISTS strstr
                              ^
1 warning generated.
[2/2] Linking C executable cmTC_81b91



Determining if the function strtol exists passed with the following output:
Change Dir: /Users/lusterclaws/Desktop/mdig-agh-lang_c__exercises-8b07bfe7cc20/projekty/untitled/cmake-build-debug/CMakeFiles/CMakeTmp

Run Build Command(s):/Applications/CLion.app/Contents/bin/ninja/mac/ninja cmTC_7e630 && [1/2] Building C object CMakeFiles/cmTC_7e630.dir/CheckFunctionExists.c.o
/Applications/CLion.app/Contents/bin/cmake/mac/share/cmake-3.24/Modules/CheckFunctionExists.c:7:3: warning: incompatible redeclaration of library function 'strtol' [-Wincompatible-library-redeclaration]
  CHECK_FUNCTION_EXISTS(void);
  ^
<command line>:1:31: note: expanded from here
#define CHECK_FUNCTION_EXISTS strtol
                              ^
/Applications/CLion.app/Contents/bin/cmake/mac/share/cmake-3.24/Modules/CheckFunctionExists.c:7:3: note: 'strtol' is a builtin with type 'long (const char *, char **, int)'
<command line>:1:31: note: expanded from here
#define CHECK_FUNCTION_EXISTS strtol
                              ^
1 warning generated.
[2/2] Linking C executable cmTC_7e630



Determining if the function strtol exists passed with the following output:
Change Dir: /Users/lusterclaws/Desktop/mdig-agh-lang_c__exercises-8b07bfe7cc20/projekty/untitled/cmake-build-debug/CMakeFiles/CMakeTmp

Run Build Command(s):/Applications/CLion.app/Contents/bin/ninja/mac/ninja cmTC_199c7 && [1/2] Building C object CMakeFiles/cmTC_199c7.dir/CheckFunctionExists.c.o
/Applications/CLion.app/Contents/bin/cmake/mac/share/cmake-3.24/Modules/CheckFunctionExists.c:7:3: warning: incompatible redeclaration of library function 'strtol' [-Wincompatible-library-redeclaration]
  CHECK_FUNCTION_EXISTS(void);
  ^
<command line>:1:31: note: expanded from here
#define CHECK_FUNCTION_EXISTS strtol
                              ^
/Applications/CLion.app/Contents/bin/cmake/mac/share/cmake-3.24/Modules/CheckFunctionExists.c:7:3: note: 'strtol' is a builtin with type 'long (const char *, char **, int)'
<command line>:1:31: note: expanded from here
#define CHECK_FUNCTION_EXISTS strtol
                              ^
1 warning generated.
[2/2] Linking C executable cmTC_199c7



Determining if the function strtoull exists passed with the following output:
Change Dir: /Users/lusterclaws/Desktop/mdig-agh-lang_c__exercises-8b07bfe7cc20/projekty/untitled/cmake-build-debug/CMakeFiles/CMakeTmp

Run Build Command(s):/Applications/CLion.app/Contents/bin/ninja/mac/ninja cmTC_caae4 && [1/2] Building C object CMakeFiles/cmTC_caae4.dir/CheckFunctionExists.c.o
/Applications/CLion.app/Contents/bin/cmake/mac/share/cmake-3.24/Modules/CheckFunctionExists.c:7:3: warning: incompatible redeclaration of library function 'strtoull' [-Wincompatible-library-redeclaration]
  CHECK_FUNCTION_EXISTS(void);
  ^
<command line>:1:31: note: expanded from here
#define CHECK_FUNCTION_EXISTS strtoull
                              ^
/Applications/CLion.app/Contents/bin/cmake/mac/share/cmake-3.24/Modules/CheckFunctionExists.c:7:3: note: 'strtoull' is a builtin with type 'unsigned long long (const char *, char **, int)'
<command line>:1:31: note: expanded from here
#define CHECK_FUNCTION_EXISTS strtoull
                              ^
1 warning generated.
[2/2] Linking C executable cmTC_caae4



Determining if the function lfind exists passed with the following output:
Change Dir: /Users/lusterclaws/Desktop/mdig-agh-lang_c__exercises-8b07bfe7cc20/projekty/untitled/cmake-build-debug/CMakeFiles/CMakeTmp

Run Build Command(s):/Applications/CLion.app/Contents/bin/ninja/mac/ninja cmTC_40fb0 && [1/2] Building C object CMakeFiles/cmTC_40fb0.dir/CheckFunctionExists.c.o
[2/2] Linking C executable cmTC_40fb0



Performing C SOURCE FILE Test HAVE_SNPRINTF succeeded with the following output:
Change Dir: /Users/lusterclaws/Desktop/mdig-agh-lang_c__exercises-8b07bfe7cc20/projekty/untitled/cmake-build-debug/CMakeFiles/CMakeTmp

Run Build Command(s):/Applications/CLion.app/Contents/bin/ninja/mac/ninja cmTC_30905 && [1/2] Building C object CMakeFiles/cmTC_30905.dir/src.c.o
[2/2] Linking C executable cmTC_30905


Source file was:

#include <stdio.h>
int main(void) {
  char buf[10];
  snprintf(buf, 10, "Test %d", 1);
  return 0;
}
Determining if the include file stdio.h exists passed with the following output:
Change Dir: /Users/lusterclaws/Desktop/mdig-agh-lang_c__exercises-8b07bfe7cc20/projekty/untitled/cmake-build-debug/CMakeFiles/CMakeTmp

Run Build Command(s):/Applications/CLion.app/Contents/bin/ninja/mac/ninja cmTC_f8d54 && [1/2] Building C object CMakeFiles/cmTC_f8d54.dir/CheckIncludeFile.c.o
[2/2] Linking C executable cmTC_f8d54



Determining if the include file math.h exists passed with the following output:
Change Dir: /Users/lusterclaws/Desktop/mdig-agh-lang_c__exercises-8b07bfe7cc20/projekty/untitled/cmake-build-debug/CMakeFiles/CMakeTmp

Run Build Command(s):/Applications/CLion.app/Contents/bin/ninja/mac/ninja cmTC_d2aca && [1/2] Building C object CMakeFiles/cmTC_d2aca.dir/CheckIncludeFile.c.o
[2/2] Linking C executable cmTC_d2aca



Determining if the include file float.h exists passed with the following output:
Change Dir: /Users/lusterclaws/Desktop/mdig-agh-lang_c__exercises-8b07bfe7cc20/projekty/untitled/cmake-build-debug/CMakeFiles/CMakeTmp

Run Build Command(s):/Applications/CLion.app/Contents/bin/ninja/mac/ninja cmTC_6e515 && [1/2] Building C object CMakeFiles/cmTC_6e515.dir/CheckIncludeFile.c.o
[2/2] Linking C executable cmTC_6e515



Determining if the include file time.h exists passed with the following output:
Change Dir: /Users/lusterclaws/Desktop/mdig-agh-lang_c__exercises-8b07bfe7cc20/projekty/untitled/cmake-build-debug/CMakeFiles/CMakeTmp

Run Build Command(s):/Applications/CLion.app/Contents/bin/ninja/mac/ninja cmTC_fdeda && [1/2] Building C object CMakeFiles/cmTC_fdeda.dir/CheckIncludeFile.c.o
[2/2] Linking C executable cmTC_fdeda



Determining if the include file stdarg.h exists passed with the following output:
Change Dir: /Users/lusterclaws/Desktop/mdig-agh-lang_c__exercises-8b07bfe7cc20/projekty/untitled/cmake-build-debug/CMakeFiles/CMakeTmp

Run Build Command(s):/Applications/CLion.app/Contents/bin/ninja/mac/ninja cmTC_d6693 && [1/2] Building C object CMakeFiles/cmTC_d6693.dir/CheckIncludeFile.c.o
[2/2] Linking C executable cmTC_d6693



Determining if the include file ctype.h exists passed with the following output:
Change Dir: /Users/lusterclaws/Desktop/mdig-agh-lang_c__exercises-8b07bfe7cc20/projekty/untitled/cmake-build-debug/CMakeFiles/CMakeTmp

Run Build Command(s):/Applications/CLion.app/Contents/bin/ninja/mac/ninja cmTC_952bd && [1/2] Building C object CMakeFiles/cmTC_952bd.dir/CheckIncludeFile.c.o
[2/2] Linking C executable cmTC_952bd



Determining if the include file stdint.h exists passed with the following output:
Change Dir: /Users/lusterclaws/Desktop/mdig-agh-lang_c__exercises-8b07bfe7cc20/projekty/untitled/cmake-build-debug/CMakeFiles/CMakeTmp

Run Build Command(s):/Applications/CLion.app/Contents/bin/ninja/mac/ninja cmTC_2d7dd && [1/2] Building C object CMakeFiles/cmTC_2d7dd.dir/CheckIncludeFile.c.o
[2/2] Linking C executable cmTC_2d7dd



Determining if the include file inttypes.h exists passed with the following output:
Change Dir: /Users/lusterclaws/Desktop/mdig-agh-lang_c__exercises-8b07bfe7cc20/projekty/untitled/cmake-build-debug/CMakeFiles/CMakeTmp

Run Build Command(s):/Applications/CLion.app/Contents/bin/ninja/mac/ninja cmTC_a5be6 && [1/2] Building C object CMakeFiles/cmTC_a5be6.dir/CheckIncludeFile.c.o
[2/2] Linking C executable cmTC_a5be6



Determining if the include file sys/stat.h exists passed with the following output:
Change Dir: /Users/lusterclaws/Desktop/mdig-agh-lang_c__exercises-8b07bfe7cc20/projekty/untitled/cmake-build-debug/CMakeFiles/CMakeTmp

Run Build Command(s):/Applications/CLion.app/Contents/bin/ninja/mac/ninja cmTC_42927 && [1/2] Building C object CMakeFiles/cmTC_42927.dir/CheckIncludeFile.c.o
[2/2] Linking C executable cmTC_42927



Determining if the posix_memalign exist passed with the following output:
Change Dir: /Users/lusterclaws/Desktop/mdig-agh-lang_c__exercises-8b07bfe7cc20/projekty/untitled/cmake-build-debug/CMakeFiles/CMakeTmp

Run Build Command(s):/Applications/CLion.app/Contents/bin/ninja/mac/ninja cmTC_898e4 && [1/2] Building C object CMakeFiles/cmTC_898e4.dir/CheckSymbolExists.c.o
[2/2] Linking C executable cmTC_898e4


File /Users/lusterclaws/Desktop/mdig-agh-lang_c__exercises-8b07bfe7cc20/projekty/untitled/cmake-build-debug/CMakeFiles/CMakeTmp/CheckSymbolExists.c:
/* */
#include <stdlib.h>

int main(int argc, char** argv)
{
  (void)argv;
#ifndef posix_memalign
  return ((int*)(&posix_memalign))[argc];
#else
  (void)argc;
  return 0;
#endif
}
Performing C SOURCE FILE Test CMAKE_HAVE_LIBC_PTHREAD succeeded with the following output:
Change Dir: /Users/lusterclaws/Desktop/mdig-agh-lang_c__exercises-8b07bfe7cc20/projekty/untitled/cmake-build-debug/CMakeFiles/CMakeTmp

Run Build Command(s):/Applications/CLion.app/Contents/bin/ninja/mac/ninja cmTC_0b10a && [1/2] Building C object CMakeFiles/cmTC_0b10a.dir/src.c.o
[2/2] Linking C executable cmTC_0b10a


Source file was:
#include <pthread.h>

static void* test_func(void* data)
{
  return data;
}

int main(void)
{
  pthread_t thread;
  pthread_create(&thread, NULL, test_func, NULL);
  pthread_detach(thread);
  pthread_cancel(thread);
  pthread_join(thread, NULL);
  pthread_atfork(NULL, NULL, NULL);
  pthread_exit(NULL);

  return 0;
}

Determining if the function dgemm_ exists passed with the following output:
Change Dir: /Users/lusterclaws/Desktop/mdig-agh-lang_c__exercises-8b07bfe7cc20/projekty/untitled/cmake-build-debug/CMakeFiles/CMakeTmp

Run Build Command(s):/Applications/CLion.app/Contents/bin/ninja/mac/ninja cmTC_0734c && [1/2] Building C object CMakeFiles/cmTC_0734c.dir/CheckFunctionExists.c.o
[2/2] Linking C executable cmTC_0734c



Determining if the function cheev_ exists passed with the following output:
Change Dir: /Users/lusterclaws/Desktop/mdig-agh-lang_c__exercises-8b07bfe7cc20/projekty/untitled/cmake-build-debug/CMakeFiles/CMakeTmp

Run Build Command(s):/Applications/CLion.app/Contents/bin/ninja/mac/ninja cmTC_e152b && [1/2] Building C object CMakeFiles/cmTC_e152b.dir/CheckFunctionExists.c.o
[2/2] Linking C executable cmTC_e152b



Determining if the include file Accelerate/Accelerate.h exists passed with the following output:
Change Dir: /Users/lusterclaws/Desktop/mdig-agh-lang_c__exercises-8b07bfe7cc20/projekty/untitled/cmake-build-debug/CMakeFiles/CMakeTmp

Run Build Command(s):/Applications/CLion.app/Contents/bin/ninja/mac/ninja cmTC_ca7df && [1/2] Building C object CMakeFiles/cmTC_ca7df.dir/CheckIncludeFile.c.o
[2/2] Linking C executable cmTC_ca7df



Determining if the include file Accelerate/Accelerate.h exists passed with the following output:
Change Dir: /Users/lusterclaws/Desktop/mdig-agh-lang_c__exercises-8b07bfe7cc20/projekty/untitled/cmake-build-debug/CMakeFiles/CMakeTmp

Run Build Command(s):/Applications/CLion.app/Contents/bin/ninja/mac/ninja cmTC_4f9a8 && [1/2] Building C object CMakeFiles/cmTC_4f9a8.dir/CheckIncludeFile.c.o
[2/2] Linking C executable cmTC_4f9a8



Determining if the function dlerror exists in the dl passed with the following output:
Change Dir: /Users/lusterclaws/Desktop/mdig-agh-lang_c__exercises-8b07bfe7cc20/projekty/untitled/cmake-build-debug/CMakeFiles/CMakeTmp

Run Build Command(s):/Applications/CLion.app/Contents/bin/ninja/mac/ninja cmTC_c4ee9 && [1/2] Building C object CMakeFiles/cmTC_c4ee9.dir/CheckFunctionExists.c.o
[2/2] Linking C executable cmTC_c4ee9



